<?xml version="1.0" encoding="UTF-8"?>
<testng-results ignored="0" total="3" passed="3" failed="0" skipped="0">
  <reporter-output>
  </reporter-output>
  <suite started-at="2026-03-18T12:14:23 IST" name="Default suite" finished-at="2026-03-18T12:14:23 IST" duration-ms="45">
    <groups>
    </groups>
    <test started-at="2026-03-18T12:14:23 IST" name="Default test" finished-at="2026-03-18T12:14:23 IST" duration-ms="45">
      <class name="com.junit.JuNitEx.MyTest1">
        <test-method signature="milind()[pri:1, instance:com.junit.JuNitEx.MyTest1@4afcd809]" started-at="2026-03-18T12:14:23 IST" name="milind" finished-at="2026-03-18T12:14:23 IST" duration-ms="12" status="PASS">
          <reporter-output>
          </reporter-output>
        </test-method> <!-- milind -->
        <test-method signature="arun()[pri:2, instance:com.junit.JuNitEx.MyTest1@4afcd809]" started-at="2026-03-18T12:14:23 IST" name="arun" finished-at="2026-03-18T12:14:23 IST" duration-ms="1" status="PASS">
          <reporter-output>
          </reporter-output>
        </test-method> <!-- arun -->
        <test-method signature="khushi()[pri:3, instance:com.junit.JuNitEx.MyTest1@4afcd809]" started-at="2026-03-18T12:14:23 IST" name="khushi" finished-at="2026-03-18T12:14:23 IST" duration-ms="1" status="PASS">
          <reporter-output>
          </reporter-output>
        </test-method> <!-- khushi -->
      </class> <!-- com.junit.JuNitEx.MyTest1 -->
    </test> <!-- Default test -->
  </suite> <!-- Default suite -->
</testng-results>
