<?xml version="1.0" encoding="UTF-8"?>
<!-- Generated by org.testng.reporters.JUnitReportReporter -->
<testsuite hostname="DESKTOP-03HQKCE" failures="0" tests="3" name="com.junit.JuNitEx.MyTest1" time="0.014" errors="0" timestamp="2026-03-18T12:14:23 IST" skipped="0">
  <testcase classname="com.junit.JuNitEx.MyTest1" name="milind" time="0.012"/>
  <testcase classname="com.junit.JuNitEx.MyTest1" name="arun" time="0.001"/>
  <testcase classname="com.junit.JuNitEx.MyTest1" name="khushi" time="0.001"/>
</testsuite> <!-- com.junit.JuNitEx.MyTest1 -->
