<?xml version="1.0" encoding="UTF-8"?>
<!-- Generated by org.testng.reporters.JUnitReportReporter -->
<testsuite hostname="DESKTOP-03HQKCE" failures="0" tests="8" name="com.demoblaze.Demoblaze.Signup2Page" time="12.024" errors="0" timestamp="2026-04-03T11:57:56 IST" skipped="0">
  <testcase classname="com.demoblaze.Demoblaze.Signup2Page" name="test" time="1.136"/>
  <system-out/>
  <testcase classname="com.demoblaze.Demoblaze.Signup2Page" name="test" time="3.632"/>
  <system-out/>
  <testcase classname="com.demoblaze.Demoblaze.Signup2Page" name="test" time="2.049"/>
  <system-out/>
  <testcase classname="com.demoblaze.Demoblaze.Signup2Page" name="test" time="0.001"/>
  <system-out/>
  <testcase classname="com.demoblaze.Demoblaze.Signup2Page" name="test" time="0.002"/>
  <system-out/>
  <testcase classname="com.demoblaze.Demoblaze.Signup2Page" name="test" time="0.001"/>
  <system-out/>
  <testcase classname="com.demoblaze.Demoblaze.Signup2Page" name="test" time="3.146"/>
  <system-out/>
  <testcase classname="com.demoblaze.Demoblaze.Signup2Page" name="test" time="2.057"/>
  <system-out/>
</testsuite> <!-- com.demoblaze.Demoblaze.Signup2Page -->
