<?xml version="1.0" encoding="UTF-8"?>
<!-- Generated by org.testng.reporters.JUnitReportReporter -->
<testsuite hostname="DESKTOP-03HQKCE" failures="0" tests="3" name="com.demoblaze.Demoblaze.OpenPage" time="4.591" errors="0" timestamp="2026-04-03T11:50:16 IST" skipped="0">
  <testcase classname="com.demoblaze.Demoblaze.OpenPage" name="test" time="0.001"/>
  <system-out/>
  <testcase classname="com.demoblaze.Demoblaze.OpenPage" name="test" time="0.001"/>
  <system-out/>
  <testcase classname="com.demoblaze.Demoblaze.OpenPage" name="test" time="4.589"/>
  <system-out/>
</testsuite> <!-- com.demoblaze.Demoblaze.OpenPage -->
