<?xml version="1.0" encoding="UTF-8"?>
<testng-results ignored="0" total="8" passed="8" failed="0" skipped="0">
  <reporter-output>
  </reporter-output>
  <suite started-at="2026-04-03T11:57:43 IST" name="Default suite" finished-at="2026-04-03T11:57:56 IST" duration-ms="12513">
    <groups>
    </groups>
    <test started-at="2026-04-03T11:57:43 IST" name="Default test" finished-at="2026-04-03T11:57:56 IST" duration-ms="12513">
      <class name="com.demoblaze.Demoblaze.Signup2Page">
        <test-method signature="test(java.lang.String,java.lang.String)[pri:0, instance:com.demoblaze.Demoblaze.Signup2Page@459e9125]" started-at="2026-04-03T11:57:44 IST" name="test" data-provider="signup" finished-at="2026-04-03T11:57:45 IST" duration-ms="1136" status="PASS">
          <params>
            <param index="0">
              <value>
                <![CDATA[open browser]]>
              </value>
            </param>
            <param index="1">
              <value>
                <![CDATA[open]]>
              </value>
            </param>
          </params>
          <reporter-output>
          </reporter-output>
        </test-method> <!-- test -->
        <test-method signature="test(java.lang.String,java.lang.String)[pri:0, instance:com.demoblaze.Demoblaze.Signup2Page@459e9125]" started-at="2026-04-03T11:57:45 IST" name="test" data-provider="signup" finished-at="2026-04-03T11:57:49 IST" duration-ms="3632" status="PASS">
          <params>
            <param index="0">
              <value>
                <![CDATA[enter url]]>
              </value>
            </param>
            <param index="1">
              <value>
                <![CDATA[https://www.demoblaze.com/]]>
              </value>
            </param>
          </params>
          <reporter-output>
          </reporter-output>
        </test-method> <!-- test -->
        <test-method signature="test(java.lang.String,java.lang.String)[pri:0, instance:com.demoblaze.Demoblaze.Signup2Page@459e9125]" started-at="2026-04-03T11:57:49 IST" name="test" data-provider="signup" finished-at="2026-04-03T11:57:52 IST" duration-ms="3146" status="PASS">
          <params>
            <param index="0">
              <value>
                <![CDATA[enter username]]>
              </value>
            </param>
            <param index="1">
              <value>
                <![CDATA[prakruti]]>
              </value>
            </param>
          </params>
          <reporter-output>
          </reporter-output>
        </test-method> <!-- test -->
        <test-method signature="test(java.lang.String,java.lang.String)[pri:0, instance:com.demoblaze.Demoblaze.Signup2Page@459e9125]" started-at="2026-04-03T11:57:52 IST" name="test" data-provider="signup" finished-at="2026-04-03T11:57:54 IST" duration-ms="2049" status="PASS">
          <params>
            <param index="0">
              <value>
                <![CDATA[enter password]]>
              </value>
            </param>
            <param index="1">
              <value>
                <![CDATA[1234]]>
              </value>
            </param>
          </params>
          <reporter-output>
          </reporter-output>
        </test-method> <!-- test -->
        <test-method signature="test(java.lang.String,java.lang.String)[pri:0, instance:com.demoblaze.Demoblaze.Signup2Page@459e9125]" started-at="2026-04-03T11:57:54 IST" name="test" data-provider="signup" finished-at="2026-04-03T11:57:56 IST" duration-ms="2057" status="PASS">
          <params>
            <param index="0">
              <value>
                <![CDATA[click login]]>
              </value>
            </param>
            <param index="1">
              <value>
                <![CDATA[Click]]>
              </value>
            </param>
          </params>
          <reporter-output>
          </reporter-output>
        </test-method> <!-- test -->
        <test-method signature="test(java.lang.String,java.lang.String)[pri:0, instance:com.demoblaze.Demoblaze.Signup2Page@459e9125]" started-at="2026-04-03T11:57:56 IST" name="test" data-provider="signup" finished-at="2026-04-03T11:57:56 IST" duration-ms="2" status="PASS">
          <params>
            <param index="0">
              <value>
                <![CDATA[click sidemenu]]>
              </value>
            </param>
            <param index="1">
              <value>
                <![CDATA[Click]]>
              </value>
            </param>
          </params>
          <reporter-output>
          </reporter-output>
        </test-method> <!-- test -->
        <test-method signature="test(java.lang.String,java.lang.String)[pri:0, instance:com.demoblaze.Demoblaze.Signup2Page@459e9125]" started-at="2026-04-03T11:57:56 IST" name="test" data-provider="signup" finished-at="2026-04-03T11:57:56 IST" duration-ms="1" status="PASS">
          <params>
            <param index="0">
              <value>
                <![CDATA[click logout]]>
              </value>
            </param>
            <param index="1">
              <value>
                <![CDATA[Click]]>
              </value>
            </param>
          </params>
          <reporter-output>
          </reporter-output>
        </test-method> <!-- test -->
        <test-method signature="test(java.lang.String,java.lang.String)[pri:0, instance:com.demoblaze.Demoblaze.Signup2Page@459e9125]" started-at="2026-04-03T11:57:56 IST" name="test" data-provider="signup" finished-at="2026-04-03T11:57:56 IST" duration-ms="1" status="PASS">
          <params>
            <param index="0">
              <value>
                <![CDATA[close browser]]>
              </value>
            </param>
            <param index="1">
              <value>
                <![CDATA[close]]>
              </value>
            </param>
          </params>
          <reporter-output>
          </reporter-output>
        </test-method> <!-- test -->
      </class> <!-- com.demoblaze.Demoblaze.Signup2Page -->
    </test> <!-- Default test -->
  </suite> <!-- Default suite -->
</testng-results>
