<?xml version="1.0" encoding="UTF-8"?>
<testng-results ignored="0" total="2" passed="1" failed="1" skipped="0">
  <reporter-output>
  </reporter-output>
  <suite started-at="2026-03-20T12:34:36 IST" name="Suite" finished-at="2026-03-20T12:34:39 IST" duration-ms="3303">
    <groups>
    </groups>
    <test started-at="2026-03-20T12:34:36 IST" name="Test1" finished-at="2026-03-20T12:34:39 IST" duration-ms="2657">
      <class name="com.testngex.topstech.BrowserTest">
        <test-method signature="test(java.lang.String)[pri:0, instance:com.testngex.topstech.BrowserTest@62379589]" started-at="2026-03-20T12:34:36 IST" name="test" finished-at="2026-03-20T12:34:39 IST" duration-ms="2626" status="PASS">
          <params>
            <param index="0">
              <value>
                <![CDATA[chrome]]>
              </value>
            </param>
          </params>
          <reporter-output>
          </reporter-output>
        </test-method> <!-- test -->
      </class> <!-- com.testngex.topstech.BrowserTest -->
    </test> <!-- Test1 -->
    <test started-at="2026-03-20T12:34:39 IST" name="Test2" finished-at="2026-03-20T12:34:39 IST" duration-ms="616">
      <class name="com.testngex.topstech.BrowserTest">
        <test-method signature="test(java.lang.String)[pri:0, instance:com.testngex.topstech.BrowserTest@b2c9a9c]" started-at="2026-03-20T12:34:39 IST" name="test" finished-at="2026-03-20T12:34:39 IST" duration-ms="611" status="FAIL">
          <params>
            <param index="0">
              <value>
                <![CDATA[ed]]>
              </value>
            </param>
          </params>
          <exception class="org.openqa.selenium.remote.http.ConnectionFailedException">
            <message>
              <![CDATA[Unable to establish websocket connection to http://localhost:53358/devtools/browser/cf1426ff-d392-41e4-b5c0-9065eaa47250
Build info: version: '4.7.2', revision: '4d4020c3b7'
System info: os.name: 'Windows 10', os.arch: 'amd64', os.version: '10.0', java.version: '21.0.8'
Driver info: driver.version: EdgeDriver]]>
            </message>
            <full-stacktrace>
              <![CDATA[org.openqa.selenium.remote.http.ConnectionFailedException: Unable to establish websocket connection to http://localhost:53358/devtools/browser/cf1426ff-d392-41e4-b5c0-9065eaa47250
Build info: version: '4.7.2', revision: '4d4020c3b7'
System info: os.name: 'Windows 10', os.arch: 'amd64', os.version: '10.0', java.version: '21.0.8'
Driver info: driver.version: EdgeDriver
at org.openqa.selenium.remote.http.netty.NettyWebSocket.<init>(NettyWebSocket.java:102)
at org.openqa.selenium.remote.http.netty.NettyWebSocket.lambda$create$3(NettyWebSocket.java:128)
at org.openqa.selenium.remote.http.netty.NettyClient.openSocket(NettyClient.java:107)
at org.openqa.selenium.devtools.Connection.<init>(Connection.java:78)
at org.openqa.selenium.chromium.ChromiumDriver.lambda$new$2(ChromiumDriver.java:116)
at java.base/java.util.Optional.map(Optional.java:260)
at org.openqa.selenium.chromium.ChromiumDriver.<init>(ChromiumDriver.java:114)
at org.openqa.selenium.edge.EdgeDriver.<init>(EdgeDriver.java:54)
at org.openqa.selenium.edge.EdgeDriver.<init>(EdgeDriver.java:46)
at org.openqa.selenium.edge.EdgeDriver.<init>(EdgeDriver.java:42)
at com.testngex.topstech.BrowserTest.test(BrowserTest.java:30)
at java.base/jdk.internal.reflect.DirectMethodHandleAccessor.invoke(DirectMethodHandleAccessor.java:103)
at java.base/java.lang.reflect.Method.invoke(Method.java:580)
at org.testng.internal.invokers.MethodInvocationHelper.invokeMethod(MethodInvocationHelper.java:141)
at org.testng.internal.invokers.TestInvoker.invokeMethod(TestInvoker.java:687)
at org.testng.internal.invokers.TestInvoker.invokeTestMethod(TestInvoker.java:230)
at org.testng.internal.invokers.MethodRunner.runInSequence(MethodRunner.java:63)
at org.testng.internal.invokers.TestInvoker$MethodInvocationAgent.invoke(TestInvoker.java:995)
at org.testng.internal.invokers.TestInvoker.invokeTestMethods(TestInvoker.java:203)
at org.testng.internal.invokers.TestMethodWorker.invokeTestMethods(TestMethodWorker.java:154)
at org.testng.internal.invokers.TestMethodWorker.run(TestMethodWorker.java:134)
at java.base/java.util.ArrayList.forEach(ArrayList.java:1596)
at org.testng.TestRunner.privateRun(TestRunner.java:741)
at org.testng.TestRunner.run(TestRunner.java:616)
at org.testng.SuiteRunner.runTest(SuiteRunner.java:421)
at org.testng.SuiteRunner.runSequentially(SuiteRunner.java:413)
at org.testng.SuiteRunner.privateRun(SuiteRunner.java:373)
at org.testng.SuiteRunner.run(SuiteRunner.java:312)
at org.testng.SuiteRunnerWorker.runSuite(SuiteRunnerWorker.java:52)
at org.testng.SuiteRunnerWorker.run(SuiteRunnerWorker.java:95)
at org.testng.TestNG.runSuitesSequentially(TestNG.java:1274)
at org.testng.TestNG.runSuitesLocally(TestNG.java:1208)
at org.testng.TestNG.runSuites(TestNG.java:1112)
at org.testng.TestNG.run(TestNG.java:1079)
at org.testng.remote.AbstractRemoteTestNG.run(AbstractRemoteTestNG.java:115)
at org.testng.remote.RemoteTestNG.initAndRun(RemoteTestNG.java:293)
at org.testng.remote.RemoteTestNG.main(RemoteTestNG.java:91)
]]>
            </full-stacktrace>
          </exception> <!-- org.openqa.selenium.remote.http.ConnectionFailedException -->
          <reporter-output>
          </reporter-output>
        </test-method> <!-- test -->
      </class> <!-- com.testngex.topstech.BrowserTest -->
    </test> <!-- Test2 -->
  </suite> <!-- Suite -->
</testng-results>
