<?xml version="1.0" encoding="UTF-8"?>
<!-- Generated by org.testng.reporters.JUnitXMLReporter -->
<testsuite ignored="0" hostname="DESKTOP-03HQKCE" failures="0" tests="8" name="Default test" time="12.513" errors="0" timestamp="2026-04-03T11:57:56 IST">
  <testcase classname="com.demoblaze.Demoblaze.Signup2Page" name="test" time="1.136"/>
  <testcase classname="com.demoblaze.Demoblaze.Signup2Page" name="test" time="3.632"/>
  <testcase classname="com.demoblaze.Demoblaze.Signup2Page" name="test" time="3.146"/>
  <testcase classname="com.demoblaze.Demoblaze.Signup2Page" name="test" time="2.049"/>
  <testcase classname="com.demoblaze.Demoblaze.Signup2Page" name="test" time="2.057"/>
  <testcase classname="com.demoblaze.Demoblaze.Signup2Page" name="test" time="0.002"/>
  <testcase classname="com.demoblaze.Demoblaze.Signup2Page" name="test" time="0.001"/>
  <testcase classname="com.demoblaze.Demoblaze.Signup2Page" name="test" time="0.001"/>
</testsuite> <!-- Default test -->
